<?xml version="1.0" encoding="UTF-8"?>
<testsuites name="update_profile" time="43" tests="6" failures="0" errors="0">
   <testsuite name="update_profile" tests="6" failures="0" errors="0" time="43" timestamp="2018-11-13 14:35:59" hostname="Administrator - Asha.jmandigital.in" id="Test Suites/update_profile">
      <properties>
         <property name="deviceName" value=""/>
         <property name="devicePlatform" value=""/>
         <property name="logFolder" value="C:\\Users\\Administrator\\Katalon Studio\\JIN\\Reports\\update_profile\\20181113_143557"/>
         <property name="logFiles" value="C:\\Users\\Administrator\\Katalon Studio\\JIN\\Reports\\update_profile\\20181113_143557\\execution0.log"/>
         <property name="attachments" value=""/>
         <property name="hostName" value="Administrator - Asha.jmandigital.in"/>
         <property name="os" value="Windows 10 32bit"/>
         <property name="katalonVersion" value="5.8.0.1"/>
         <property name="browser" value="Chrome 70.0.3538.77"/>
         <property name="hostAddress" value="192.168.0.37"/>
         <property name="sessionId" value="73d1cdda596bfa0a9c2a3226868bb68c"/>
         <property name="seleniumVersion" value="3.7.1"/>
         <property name="proxyInformation" value="ProxyInformation{proxyOption=NO_PROXY, proxyServerType=HTTP, password=, proxyServerAddress=, proxyServerPort=0}"/>
         <property name="platform" value="Windows 10"/>
      </properties>
      <testcase name="Test Cases/Login Page" classname="Test Cases/Login Page" status="PASSED">
         <system-out><![CDATA[2018-11-13 14:35:59 - [TEST_CASE][PASSED] - Test Cases/Login Page: Test Cases/Login Page

2018-11-13 14:35:59 - [TEST_STEP][PASSED] - comment: LOGIN TO JIN  USING VALID CREDENTIALS

2018-11-13 14:35:59 - [TEST_STEP][PASSED] - openBrowser: Browser is opened with url: ''

2018-11-13 14:36:03 - [MESSAGE][PASSED] - Browser is opened with url: ''

2018-11-13 14:36:03 - [TEST_STEP][PASSED] - maximizeWindow: Current window maximized

2018-11-13 14:36:04 - [MESSAGE][PASSED] - Current window maximized

2018-11-13 14:36:04 - [TEST_STEP][PASSED] - navigateToUrl: Navigate to 'http://192.168.0.28:5051/' successfully

2018-11-13 14:36:05 - [MESSAGE][PASSED] - Navigate to 'http://192.168.0.28:5051/' successfully

2018-11-13 14:36:05 - [TEST_STEP][PASSED] - setText: Text 'maddie@gmail.com' is set on object 'Object Repository/Page_JIN Login/input_JIN_email'

2018-11-13 14:36:07 - [MESSAGE][PASSED] - Text 'maddie@gmail.com' is set on object 'Object Repository/Page_JIN Login/input_JIN_email'

2018-11-13 14:36:07 - [TEST_STEP][PASSED] - setEncryptedText: Text ****** has been set on object 'Object Repository/Page_JIN Login/input_Email_password'

2018-11-13 14:36:07 - [MESSAGE][PASSED] - Text ****** has been set on object 'Object Repository/Page_JIN Login/input_Email_password'

2018-11-13 14:36:07 - [TEST_STEP][PASSED] - click: Object: 'Object Repository/Page_JIN Login/button_LOGIN' is clicked on

2018-11-13 14:36:08 - [MESSAGE][PASSED] - Object: 'Object Repository/Page_JIN Login/button_LOGIN' is clicked on

2018-11-13 14:36:08 - [TEST_STEP][PASSED] - verifyElementPresent: Object 'Object Repository/Page_Dashboard/span_Dashboard' is present

2018-11-13 14:36:08 - [MESSAGE][WARNING] - Timeout '0' is invalid. Using default page load timeout: '30'

2018-11-13 14:36:08 - [MESSAGE][PASSED] - Object 'Object Repository/Page_Dashboard/span_Dashboard' is present]]></system-out>
         <system-err><![CDATA[]]></system-err>
      </testcase>
      <testcase name="Test Cases/Profile" classname="Test Cases/Profile" status="PASSED">
         <system-out><![CDATA[2018-11-13 14:36:08 - [TEST_CASE][PASSED] - Test Cases/Profile: Test Cases/Profile

2018-11-13 14:36:09 - [TEST_STEP][PASSED] - comment: STEPS TO CLICK ON UPDATE PROFILE OF LOGGED IN USER

2018-11-13 14:36:09 - [TEST_STEP][PASSED] - click: Object: 'Object Repository/Page_Dashboard/i_arrow_drop_down' is clicked on

2018-11-13 14:36:10 - [MESSAGE][PASSED] - Object: 'Object Repository/Page_Dashboard/i_arrow_drop_down' is clicked on

2018-11-13 14:36:10 - [TEST_STEP][PASSED] - click: Object: 'Object Repository/Page_Dashboard/a_Profile' is clicked on

2018-11-13 14:36:10 - [MESSAGE][PASSED] - Object: 'Object Repository/Page_Dashboard/a_Profile' is clicked on

2018-11-13 14:36:10 - [TEST_STEP][PASSED] - click: Object: 'Object Repository/Page_User Profile/i_create' is clicked on

2018-11-13 14:36:11 - [MESSAGE][PASSED] - Object: 'Object Repository/Page_User Profile/i_create' is clicked on

2018-11-13 14:36:11 - [TEST_STEP][PASSED] - verifyElementPresent: Object 'Object Repository/Page_Basic Info/a_Basic Info' is present

2018-11-13 14:36:11 - [MESSAGE][WARNING] - Timeout '0' is invalid. Using default page load timeout: '30'

2018-11-13 14:36:11 - [MESSAGE][PASSED] - Object 'Object Repository/Page_Basic Info/a_Basic Info' is present]]></system-out>
         <system-err><![CDATA[]]></system-err>
      </testcase>
      <testcase name="Test Cases/basic_info" classname="Test Cases/basic_info" status="PASSED">
         <system-out><![CDATA[2018-11-13 14:36:11 - [TEST_CASE][PASSED] - Test Cases/basic_info: Test Cases/basic_info

2018-11-13 14:36:11 - [TEST_STEP][PASSED] - comment: TO UPDATE BASIC INFORMATION OF LOGGED IN USER 

2018-11-13 14:36:11 - [TEST_STEP][PASSED] - setText: Text '#345 , 3rd street' is set on object 'Object Repository/Page_Basic Info/textarea__addr1'

2018-11-13 14:36:12 - [MESSAGE][PASSED] - Text '#345 , 3rd street' is set on object 'Object Repository/Page_Basic Info/textarea__addr1'

2018-11-13 14:36:12 - [TEST_STEP][PASSED] - setText: Text 'Kottivakkam ' is set on object 'Object Repository/Page_Basic Info/textarea__addr2'

2018-11-13 14:36:13 - [MESSAGE][PASSED] - Text 'Kottivakkam ' is set on object 'Object Repository/Page_Basic Info/textarea__addr2'

2018-11-13 14:36:13 - [TEST_STEP][PASSED] - setText: Text 'Chennai' is set on object 'Object Repository/Page_Basic Info/input_Address line 2_city'

2018-11-13 14:36:13 - [MESSAGE][PASSED] - Text 'Chennai' is set on object 'Object Repository/Page_Basic Info/input_Address line 2_city'

2018-11-13 14:36:13 - [TEST_STEP][PASSED] - setText: Text 'TamilNadu' is set on object 'Object Repository/Page_Basic Info/input__state'

2018-11-13 14:36:13 - [MESSAGE][PASSED] - Text 'TamilNadu' is set on object 'Object Repository/Page_Basic Info/input__state'

2018-11-13 14:36:13 - [TEST_STEP][PASSED] - setText: Text '600045' is set on object 'Object Repository/Page_Basic Info/input__pin'

2018-11-13 14:36:14 - [MESSAGE][PASSED] - Text '600045' is set on object 'Object Repository/Page_Basic Info/input__pin'

2018-11-13 14:36:14 - [TEST_STEP][PASSED] - setText: Text '8123258018' is set on object 'Object Repository/Page_Basic Info/input__emergencyContact'

2018-11-13 14:36:14 - [MESSAGE][PASSED] - Text '8123258018' is set on object 'Object Repository/Page_Basic Info/input__emergencyContact'

2018-11-13 14:36:14 - [TEST_STEP][PASSED] - setText: Text 'Father' is set on object 'Object Repository/Page_Basic Info/input__emergencyContactRelatio'

2018-11-13 14:36:15 - [MESSAGE][PASSED] - Text 'Father' is set on object 'Object Repository/Page_Basic Info/input__emergencyContactRelatio'

2018-11-13 14:36:15 - [TEST_STEP][PASSED] - click: Object: 'Object Repository/Page_Basic Info/button_Update' is clicked on

2018-11-13 14:36:15 - [MESSAGE][PASSED] - Object: 'Object Repository/Page_Basic Info/button_Update' is clicked on

2018-11-13 14:36:15 - [TEST_STEP][PASSED] - delay: Delayed 5 second(s)

2018-11-13 14:36:20 - [MESSAGE][PASSED] - Delayed 5 second(s)]]></system-out>
         <system-err><![CDATA[]]></system-err>
      </testcase>
      <testcase name="Test Cases/Academic_info" classname="Test Cases/Academic_info" status="PASSED">
         <system-out><![CDATA[2018-11-13 14:36:20 - [TEST_CASE][PASSED] - Test Cases/Academic_info: Test Cases/Academic_info

2018-11-13 14:36:20 - [TEST_STEP][PASSED] - comment: TO UPDATE LOGGED IN USER ACADEMIC INFORMATION 

2018-11-13 14:36:20 - [TEST_STEP][PASSED] - click: Object: 'Object Repository/Page_Academic Info/a_Academic Information' is clicked on

2018-11-13 14:36:20 - [MESSAGE][PASSED] - Object: 'Object Repository/Page_Academic Info/a_Academic Information' is clicked on

2018-11-13 14:36:20 - [TEST_STEP][PASSED] - setText: Text 'B.E' is set on object 'Object Repository/Page_Academic Info/input_CGPAPercentage_qualifica'

2018-11-13 14:36:20 - [MESSAGE][PASSED] - Text 'B.E' is set on object 'Object Repository/Page_Academic Info/input_CGPAPercentage_qualifica'

2018-11-13 14:36:20 - [TEST_STEP][PASSED] - setText: Text 'Engineer' is set on object 'Object Repository/Page_Academic Info/input_CGPAPercentage_degree'

2018-11-13 14:36:21 - [MESSAGE][PASSED] - Text 'Engineer' is set on object 'Object Repository/Page_Academic Info/input_CGPAPercentage_degree'

2018-11-13 14:36:21 - [TEST_STEP][PASSED] - setText: Text 'Computer Science' is set on object 'Object Repository/Page_Academic Info/input_CGPAPercentage_specializ'

2018-11-13 14:36:21 - [MESSAGE][PASSED] - Text 'Computer Science' is set on object 'Object Repository/Page_Academic Info/input_CGPAPercentage_specializ'

2018-11-13 14:36:21 - [TEST_STEP][PASSED] - setText: Text 'Alpha College of Engineering' is set on object 'Object Repository/Page_Academic Info/input_CGPAPercentage_nameOfThe'

2018-11-13 14:36:22 - [MESSAGE][PASSED] - Text 'Alpha College of Engineering' is set on object 'Object Repository/Page_Academic Info/input_CGPAPercentage_nameOfThe'

2018-11-13 14:36:22 - [TEST_STEP][PASSED] - setText: Text 'VTU' is set on object 'Object Repository/Page_Academic Info/input_CGPAPercentage_universit'

2018-11-13 14:36:22 - [MESSAGE][PASSED] - Text 'VTU' is set on object 'Object Repository/Page_Academic Info/input_CGPAPercentage_universit'

2018-11-13 14:36:22 - [TEST_STEP][PASSED] - setText: Text '2012' is set on object 'Object Repository/Page_Academic Info/input_CGPAPercentage_text-cent'

2018-11-13 14:36:22 - [MESSAGE][PASSED] - Text '2012' is set on object 'Object Repository/Page_Academic Info/input_CGPAPercentage_text-cent'

2018-11-13 14:36:22 - [TEST_STEP][PASSED] - setText: Text '65.00' is set on object 'Object Repository/Page_Academic Info/input_CGPAPercentage_percentage'

2018-11-13 14:36:22 - [MESSAGE][PASSED] - Text '65.00' is set on object 'Object Repository/Page_Academic Info/input_CGPAPercentage_percentage'

2018-11-13 14:36:22 - [TEST_STEP][PASSED] - click: Object: 'Object Repository/Page_Academic Info/button_Update' is clicked on

2018-11-13 14:36:23 - [MESSAGE][PASSED] - Object: 'Object Repository/Page_Academic Info/button_Update' is clicked on

2018-11-13 14:36:23 - [TEST_STEP][PASSED] - delay: Delayed 5 second(s)

2018-11-13 14:36:28 - [MESSAGE][PASSED] - Delayed 5 second(s)]]></system-out>
         <system-err><![CDATA[]]></system-err>
      </testcase>
      <testcase name="Test Cases/Personal_info" classname="Test Cases/Personal_info" status="PASSED">
         <system-out><![CDATA[2018-11-13 14:36:28 - [TEST_CASE][PASSED] - Test Cases/Personal_info: Test Cases/Personal_info

2018-11-13 14:36:28 - [TEST_STEP][PASSED] - comment: TEST CASE TO UPDATE LOGGED IN USER PRSONAL INFORMATION 

2018-11-13 14:36:28 - [TEST_STEP][PASSED] - click: Object: 'Object Repository/Page_Personal Info/a_Personal Information' is clicked on

2018-11-13 14:36:28 - [MESSAGE][PASSED] - Object: 'Object Repository/Page_Personal Info/a_Personal Information' is clicked on

2018-11-13 14:36:28 - [TEST_STEP][PASSED] - setText: Text 'John Smith' is set on object 'Object Repository/Page_Personal Info/input_Update_fatherName'

2018-11-13 14:36:28 - [MESSAGE][PASSED] - Text 'John Smith' is set on object 'Object Repository/Page_Personal Info/input_Update_fatherName'

2018-11-13 14:36:28 - [TEST_STEP][PASSED] - setText: Text 'AAAPL1234C' is set on object 'Object Repository/Page_Personal Info/input_Blood Group_panNo'

2018-11-13 14:36:29 - [MESSAGE][PASSED] - Text 'AAAPL1234C' is set on object 'Object Repository/Page_Personal Info/input_Blood Group_panNo'

2018-11-13 14:36:29 - [TEST_STEP][PASSED] - setText: Text '542698569854' is set on object 'Object Repository/Page_Personal Info/input__adharNo'

2018-11-13 14:36:29 - [MESSAGE][PASSED] - Text '542698569854' is set on object 'Object Repository/Page_Personal Info/input__adharNo'

2018-11-13 14:36:29 - [TEST_STEP][PASSED] - setText: Text '45985698545' is set on object 'Object Repository/Page_Personal Info/input__drivingLicenceNo'

2018-11-13 14:36:29 - [MESSAGE][PASSED] - Text '45985698545' is set on object 'Object Repository/Page_Personal Info/input__drivingLicenceNo'

2018-11-13 14:36:29 - [TEST_STEP][PASSED] - setText: Text 'A1245895' is set on object 'Object Repository/Page_Personal Info/input_Driving Licence No_passp'

2018-11-13 14:36:30 - [MESSAGE][PASSED] - Text 'A1245895' is set on object 'Object Repository/Page_Personal Info/input_Driving Licence No_passp'

2018-11-13 14:36:30 - [TEST_STEP][PASSED] - click: Object: 'Object Repository/Page_Personal Info/button_Update' is clicked on

2018-11-13 14:36:30 - [MESSAGE][PASSED] - Object: 'Object Repository/Page_Personal Info/button_Update' is clicked on

2018-11-13 14:36:30 - [TEST_STEP][PASSED] - delay: Delayed 5 second(s)

2018-11-13 14:36:35 - [MESSAGE][PASSED] - Delayed 5 second(s)]]></system-out>
         <system-err><![CDATA[]]></system-err>
      </testcase>
      <testcase name="Test Cases/account_info" classname="Test Cases/account_info" status="PASSED">
         <system-out><![CDATA[2018-11-13 14:36:35 - [TEST_CASE][PASSED] - Test Cases/account_info: Test Cases/account_info

2018-11-13 14:36:35 - [TEST_STEP][PASSED] - comment: TEST TO UPDATE ACCOUNT INFORMATION OF LOGGED IN USER

2018-11-13 14:36:35 - [TEST_STEP][PASSED] - click: Object: 'Object Repository/Page_Account Info/a_Account Information' is clicked on

2018-11-13 14:36:35 - [MESSAGE][PASSED] - Object: 'Object Repository/Page_Account Info/a_Account Information' is clicked on

2018-11-13 14:36:35 - [TEST_STEP][PASSED] - setText: Text 'Canara Bank' is set on object 'Object Repository/Page_Account Info/input_Update_nameOfBank'

2018-11-13 14:36:36 - [MESSAGE][PASSED] - Text 'Canara Bank' is set on object 'Object Repository/Page_Account Info/input_Update_nameOfBank'

2018-11-13 14:36:36 - [TEST_STEP][PASSED] - setText: Text 'Madeline' is set on object 'Object Repository/Page_Account Info/input__name'

2018-11-13 14:36:36 - [MESSAGE][PASSED] - Text 'Madeline' is set on object 'Object Repository/Page_Account Info/input__name'

2018-11-13 14:36:36 - [TEST_STEP][PASSED] - setText: Text '1234567895245698' is set on object 'Object Repository/Page_Account Info/input__accountNo'

2018-11-13 14:36:36 - [MESSAGE][PASSED] - Text '1234567895245698' is set on object 'Object Repository/Page_Account Info/input__accountNo'

2018-11-13 14:36:36 - [TEST_STEP][PASSED] - click: Object: 'Object Repository/Page_Account Info/button_Update' is clicked on

2018-11-13 14:36:36 - [MESSAGE][PASSED] - Object: 'Object Repository/Page_Account Info/button_Update' is clicked on

2018-11-13 14:36:36 - [TEST_STEP][PASSED] - delay: Delayed 5 second(s)

2018-11-13 14:36:41 - [MESSAGE][PASSED] - Delayed 5 second(s)]]></system-out>
         <system-err><![CDATA[]]></system-err>
      </testcase>
      <system-out><![CDATA[2018-11-13 14:35:59 - [TEST_SUITE][PASSED] - update_profile: Test Cases/account_info]]></system-out>
      <system-err><![CDATA[]]></system-err>
   </testsuite>
</testsuites>
