<?xml version="1.0" encoding="UTF-8"?>
<testsuites name="update_academic_info" time="21" tests="3" failures="0" errors="0">
   <testsuite name="update_academic_info" tests="3" failures="0" errors="0" time="21" timestamp="2018-11-13 14:19:49" hostname="Administrator - Asha.jmandigital.in" id="Test Suites/update_academic_info">
      <properties>
         <property name="deviceName" value=""/>
         <property name="devicePlatform" value=""/>
         <property name="logFolder" value="C:\\Users\\Administrator\\Katalon Studio\\JIN\\Reports\\update_academic_info\\20181113_141947"/>
         <property name="logFiles" value="C:\\Users\\Administrator\\Katalon Studio\\JIN\\Reports\\update_academic_info\\20181113_141947\\execution0.log"/>
         <property name="attachments" value=""/>
         <property name="hostName" value="Administrator - Asha.jmandigital.in"/>
         <property name="os" value="Windows 10 32bit"/>
         <property name="katalonVersion" value="5.8.0.1"/>
         <property name="browser" value="Chrome 70.0.3538.77"/>
         <property name="hostAddress" value="192.168.0.37"/>
         <property name="sessionId" value="8dcd06a237c0f2968e73addc03ff2481"/>
         <property name="seleniumVersion" value="3.7.1"/>
         <property name="proxyInformation" value="ProxyInformation{proxyOption=NO_PROXY, proxyServerType=HTTP, password=, proxyServerAddress=, proxyServerPort=0}"/>
         <property name="platform" value="Windows 10"/>
      </properties>
      <testcase name="Test Cases/Login Page" classname="Test Cases/Login Page" status="PASSED">
         <system-out><![CDATA[2018-11-13 14:19:49 - [TEST_CASE][PASSED] - Test Cases/Login Page: Test Cases/Login Page

2018-11-13 14:19:50 - [TEST_STEP][PASSED] - comment: LOGIN TO JIN  USING VALID CREDENTIALS

2018-11-13 14:19:50 - [TEST_STEP][PASSED] - openBrowser: Browser is opened with url: ''

2018-11-13 14:19:53 - [MESSAGE][PASSED] - Browser is opened with url: ''

2018-11-13 14:19:53 - [TEST_STEP][PASSED] - maximizeWindow: Current window maximized

2018-11-13 14:19:54 - [MESSAGE][PASSED] - Current window maximized

2018-11-13 14:19:54 - [TEST_STEP][PASSED] - navigateToUrl: Navigate to 'http://192.168.0.28:5051/' successfully

2018-11-13 14:19:55 - [MESSAGE][PASSED] - Navigate to 'http://192.168.0.28:5051/' successfully

2018-11-13 14:19:55 - [TEST_STEP][PASSED] - setText: Text 'maddie@gmail.com' is set on object 'Object Repository/Page_JIN Login/input_JIN_email'

2018-11-13 14:19:57 - [MESSAGE][PASSED] - Text 'maddie@gmail.com' is set on object 'Object Repository/Page_JIN Login/input_JIN_email'

2018-11-13 14:19:57 - [TEST_STEP][PASSED] - setEncryptedText: Text ****** has been set on object 'Object Repository/Page_JIN Login/input_Email_password'

2018-11-13 14:19:57 - [MESSAGE][PASSED] - Text ****** has been set on object 'Object Repository/Page_JIN Login/input_Email_password'

2018-11-13 14:19:57 - [TEST_STEP][PASSED] - click: Object: 'Object Repository/Page_JIN Login/button_LOGIN' is clicked on

2018-11-13 14:19:57 - [MESSAGE][PASSED] - Object: 'Object Repository/Page_JIN Login/button_LOGIN' is clicked on

2018-11-13 14:19:57 - [TEST_STEP][PASSED] - verifyElementPresent: Object 'Object Repository/Page_Dashboard/span_Dashboard' is present

2018-11-13 14:19:57 - [MESSAGE][WARNING] - Timeout '0' is invalid. Using default page load timeout: '30'

2018-11-13 14:19:58 - [MESSAGE][PASSED] - Object 'Object Repository/Page_Dashboard/span_Dashboard' is present]]></system-out>
         <system-err><![CDATA[]]></system-err>
      </testcase>
      <testcase name="Test Cases/Profile" classname="Test Cases/Profile" status="PASSED">
         <system-out><![CDATA[2018-11-13 14:19:58 - [TEST_CASE][PASSED] - Test Cases/Profile: Test Cases/Profile

2018-11-13 14:19:58 - [TEST_STEP][PASSED] - comment: STEPS TO CLICK ON UPDATE PROFILE OF LOGGED IN USER

2018-11-13 14:19:58 - [TEST_STEP][PASSED] - click: Object: 'Object Repository/Page_Dashboard/i_arrow_drop_down' is clicked on

2018-11-13 14:19:59 - [MESSAGE][PASSED] - Object: 'Object Repository/Page_Dashboard/i_arrow_drop_down' is clicked on

2018-11-13 14:19:59 - [TEST_STEP][PASSED] - click: Object: 'Object Repository/Page_Dashboard/a_Profile' is clicked on

2018-11-13 14:19:59 - [MESSAGE][PASSED] - Object: 'Object Repository/Page_Dashboard/a_Profile' is clicked on

2018-11-13 14:19:59 - [TEST_STEP][PASSED] - click: Object: 'Object Repository/Page_User Profile/i_create' is clicked on

2018-11-13 14:20:00 - [MESSAGE][PASSED] - Object: 'Object Repository/Page_User Profile/i_create' is clicked on

2018-11-13 14:20:00 - [TEST_STEP][PASSED] - verifyElementPresent: Object 'Object Repository/Page_Basic Info/a_Basic Info' is present

2018-11-13 14:20:00 - [MESSAGE][WARNING] - Timeout '0' is invalid. Using default page load timeout: '30'

2018-11-13 14:20:00 - [MESSAGE][PASSED] - Object 'Object Repository/Page_Basic Info/a_Basic Info' is present]]></system-out>
         <system-err><![CDATA[]]></system-err>
      </testcase>
      <testcase name="Test Cases/Academic_info" classname="Test Cases/Academic_info" status="PASSED">
         <system-out><![CDATA[2018-11-13 14:20:00 - [TEST_CASE][PASSED] - Test Cases/Academic_info: Test Cases/Academic_info

2018-11-13 14:20:01 - [TEST_STEP][PASSED] - comment: TO UPDATE LOGGED IN USER ACADEMIC INFORMATION 

2018-11-13 14:20:01 - [TEST_STEP][PASSED] - click: Object: 'Object Repository/Page_Academic Info/a_Academic Information' is clicked on

2018-11-13 14:20:01 - [MESSAGE][PASSED] - Object: 'Object Repository/Page_Academic Info/a_Academic Information' is clicked on

2018-11-13 14:20:01 - [TEST_STEP][PASSED] - setText: Text 'B.E' is set on object 'Object Repository/Page_Academic Info/input_CGPAPercentage_qualifica'

2018-11-13 14:20:01 - [MESSAGE][PASSED] - Text 'B.E' is set on object 'Object Repository/Page_Academic Info/input_CGPAPercentage_qualifica'

2018-11-13 14:20:01 - [TEST_STEP][PASSED] - setText: Text 'Engineer' is set on object 'Object Repository/Page_Academic Info/input_CGPAPercentage_degree'

2018-11-13 14:20:02 - [MESSAGE][PASSED] - Text 'Engineer' is set on object 'Object Repository/Page_Academic Info/input_CGPAPercentage_degree'

2018-11-13 14:20:02 - [TEST_STEP][PASSED] - setText: Text 'Computer Science' is set on object 'Object Repository/Page_Academic Info/input_CGPAPercentage_specializ'

2018-11-13 14:20:02 - [MESSAGE][PASSED] - Text 'Computer Science' is set on object 'Object Repository/Page_Academic Info/input_CGPAPercentage_specializ'

2018-11-13 14:20:02 - [TEST_STEP][PASSED] - setText: Text 'Alpha College of Engineering' is set on object 'Object Repository/Page_Academic Info/input_CGPAPercentage_nameOfThe'

2018-11-13 14:20:03 - [MESSAGE][PASSED] - Text 'Alpha College of Engineering' is set on object 'Object Repository/Page_Academic Info/input_CGPAPercentage_nameOfThe'

2018-11-13 14:20:03 - [TEST_STEP][PASSED] - setText: Text 'VTU' is set on object 'Object Repository/Page_Academic Info/input_CGPAPercentage_universit'

2018-11-13 14:20:04 - [MESSAGE][PASSED] - Text 'VTU' is set on object 'Object Repository/Page_Academic Info/input_CGPAPercentage_universit'

2018-11-13 14:20:04 - [TEST_STEP][PASSED] - setText: Text '2012' is set on object 'Object Repository/Page_Academic Info/input_CGPAPercentage_text-cent'

2018-11-13 14:20:04 - [MESSAGE][PASSED] - Text '2012' is set on object 'Object Repository/Page_Academic Info/input_CGPAPercentage_text-cent'

2018-11-13 14:20:04 - [TEST_STEP][PASSED] - setText: Text '65.00' is set on object 'Object Repository/Page_Academic Info/input_CGPAPercentage_percentage'

2018-11-13 14:20:04 - [MESSAGE][PASSED] - Text '65.00' is set on object 'Object Repository/Page_Academic Info/input_CGPAPercentage_percentage'

2018-11-13 14:20:04 - [TEST_STEP][PASSED] - click: Object: 'Object Repository/Page_Academic Info/button_Update' is clicked on

2018-11-13 14:20:04 - [MESSAGE][PASSED] - Object: 'Object Repository/Page_Academic Info/button_Update' is clicked on

2018-11-13 14:20:04 - [TEST_STEP][PASSED] - delay: Delayed 5 second(s)

2018-11-13 14:20:09 - [MESSAGE][PASSED] - Delayed 5 second(s)]]></system-out>
         <system-err><![CDATA[]]></system-err>
      </testcase>
      <system-out><![CDATA[2018-11-13 14:19:49 - [TEST_SUITE][PASSED] - update_academic_info: Test Cases/Academic_info]]></system-out>
      <system-err><![CDATA[]]></system-err>
   </testsuite>
</testsuites>
